<?xml version="1.0" encoding="UTF-8" standalone="no"?>
<testsuite failures="5" name="cucumber.runtime.formatter.JUnitFormatter" skipped="0" tests="10" time="87.476925">
    <testcase classname="" name="_2" time="9.754146">
        <system-out><![CDATA[Given Users launch Browser..................................................passed
When user launch Url........................................................passed
When Wait for username with "xpath" and "//input[@id='username']" and "10"..passed
When Enter user name with "name" and "username" and "admin".................passed
When Enter password  with "xpath" and "//input[@id='password']" and "master".passed
When Click login button with "id" and "btnsubmit"...........................passed
When Wait for logout link with "xpath" and "(//a[starts-with(text(),' Logout')])[2]" and "10".passed
Then Validate Title with "Dashboard « Stock Accounting".....................passed
When Wait for supplier link with "xpath" and "(//a[contains(text(),'Suppliers')])[2]" and "10".passed
When Click Supplier link with "xpath" and "(//a[contains(text(),'Suppliers')])[2]".passed
When Wait for Add icon with "xpath" and "(//span[@data-caption='Add'])[1]" and "10".passed
When click Add Icon "xpath" and "(//span[@data-caption='Add'])[1]"..........passed
When Wait for supplier number with "name" and "x_Supplier_Number" and "10"..passed
When Capture Supplier number  with "name" and "x_Supplier_Number"...........passed
When Enter in "Akhilesh1" with "name" and "x_Supplier_Name".................passed
When Enter in "Ameerpet13" with "name" and "x_Address"......................passed
When Enter in "Hyderabad1" with "name" and "x_City".........................passed
When Enter in "India" with "name" and "x_Country"...........................passed
When Enter in "Qedge1" with "name" and "x_Contact_Person"...................passed
When Enter in "2145698745" with "name" and "x_Phone_Number".................passed
When Enter in "Test@gmail.com" with "name" and "x__Email"...................passed
When Enter in "5478954789" with "name" and "x_Mobile_Number"................passed
When Enter in "Iam new Supplier" with "name" and "x_Notes"..................passed
When Click Add button with "id" and "btnAction".............................passed
When Wait for Confirm Ok button with "xpath" and "//button[normalize-space()='OK!']" and "10".passed
When Click Confirm Ok with "xpath" and "//button[normalize-space()='OK!']"..passed
When Wait for Alert Ok button with "xpath" and "(//button[starts-with(text(),'OK')])[6]" and "10".passed
When Click Alert ok button with "xpath" and "(//button[starts-with(text(),'OK')])[6]".passed
Then Validate Supplier number...............................................passed
When close browser..........................................................passed
]]></system-out>
    </testcase>
    <testcase classname="" name="_3" time="6.635456">
        <failure message="org.openqa.selenium.StaleElementReferenceException: stale element reference: stale element not found&#10;  (Session info: chrome=134.0.6998.118)&#10;For documentation on this error, please visit: https://www.selenium.dev/documentation/webdriver/troubleshooting/errors#stale-element-reference-exception&#10;Build info: version: '4.29.0', revision: '5fc1ec94cb'&#10;System info: os.name: 'Windows 11', os.arch: 'amd64', os.version: '10.0', java.version: '21.0.1'&#10;Driver info: org.openqa.selenium.chrome.ChromeDriver&#10;Command: [98963c358af4679639768f3f49c62204, getElementText {id=f.93AA198DC54B744B6D39B5EC0954325D.d.EB9AC788FEE0077E6149E075B3A02968.e.224}]&#10;Capabilities {acceptInsecureCerts: false, browserName: chrome, browserVersion: 134.0.6998.118, chrome: {chromedriverVersion: 134.0.6998.165 (fd886e2cb29..., userDataDir: C:\Users\chotu\AppData\Loca...}, fedcm:accounts: true, goog:chromeOptions: {debuggerAddress: localhost:50922}, networkConnectionEnabled: false, pageLoadStrategy: normal, platformName: windows, proxy: Proxy(), se:cdp: ws://localhost:50922/devtoo..., se:cdpVersion: 134.0.6998.118, setWindowRect: true, strictFileInteractability: false, timeouts: {implicit: 0, pageLoad: 300000, script: 30000}, unhandledPromptBehavior: dismiss and notify, webauthn:extension:credBlob: true, webauthn:extension:largeBlob: true, webauthn:extension:minPinLength: true, webauthn:extension:prf: true, webauthn:virtualAuthenticators: true}&#10;Element: [[ChromeDriver: chrome on windows (98963c358af4679639768f3f49c62204)] -&gt; xpath: //table[@class='table ewTable']/tbody/tr[1]/td[6]]&#10;Session ID: 98963c358af4679639768f3f49c62204&#13;&#10;&#9;at java.base/jdk.internal.reflect.DirectConstructorHandleAccessor.newInstance(DirectConstructorHandleAccessor.java:62)&#13;&#10;&#9;at java.base/java.lang.reflect.Constructor.newInstanceWithCaller(Constructor.java:502)&#13;&#10;&#9;at java.base/java.lang.reflect.Constructor.newInstance(Constructor.java:486)&#13;&#10;&#9;at org.openqa.selenium.remote.ErrorCodec.decode(ErrorCodec.java:167)&#13;&#10;&#9;at org.openqa.selenium.remote.codec.w3c.W3CHttpResponseCodec.decode(W3CHttpResponseCodec.java:138)&#13;&#10;&#9;at org.openqa.selenium.remote.codec.w3c.W3CHttpResponseCodec.decode(W3CHttpResponseCodec.java:50)&#13;&#10;&#9;at org.openqa.selenium.remote.HttpCommandExecutor.execute(HttpCommandExecutor.java:215)&#13;&#10;&#9;at org.openqa.selenium.remote.service.DriverCommandExecutor.invokeExecute(DriverCommandExecutor.java:216)&#13;&#10;&#9;at org.openqa.selenium.remote.service.DriverCommandExecutor.execute(DriverCommandExecutor.java:174)&#13;&#10;&#9;at org.openqa.selenium.remote.RemoteWebDriver.execute(RemoteWebDriver.java:545)&#13;&#10;&#9;at org.openqa.selenium.remote.RemoteWebElement.execute(RemoteWebElement.java:223)&#13;&#10;&#9;at org.openqa.selenium.remote.RemoteWebElement.getText(RemoteWebElement.java:191)&#13;&#10;&#9;at commonFuntions.FunctionLibrary.supplierTable(FunctionLibrary.java:161)&#13;&#10;&#9;at stepDefinitions.Supplier_Customer_Modules_Test.validate_Supplier_number(Supplier_Customer_Modules_Test.java:114)&#13;&#10;&#9;at ✽.Validate Supplier number(./Feature Files/ERP.feature:35)&#13;&#10;"><![CDATA[Given Users launch Browser..................................................passed
When user launch Url........................................................passed
When Wait for username with "xpath" and "//input[@id='username']" and "10"..passed
When Enter user name with "name" and "username" and "admin".................passed
When Enter password  with "xpath" and "//input[@id='password']" and "master".passed
When Click login button with "id" and "btnsubmit"...........................passed
When Wait for logout link with "xpath" and "(//a[starts-with(text(),' Logout')])[2]" and "10".passed
Then Validate Title with "Dashboard « Stock Accounting".....................passed
When Wait for supplier link with "xpath" and "(//a[contains(text(),'Suppliers')])[2]" and "10".passed
When Click Supplier link with "xpath" and "(//a[contains(text(),'Suppliers')])[2]".passed
When Wait for Add icon with "xpath" and "(//span[@data-caption='Add'])[1]" and "10".passed
When click Add Icon "xpath" and "(//span[@data-caption='Add'])[1]"..........passed
When Wait for supplier number with "name" and "x_Supplier_Number" and "10"..passed
When Capture Supplier number  with "name" and "x_Supplier_Number"...........passed
When Enter in "Akhilesh14" with "name" and "x_Supplier_Name"................passed
When Enter in "Ameerpet15" with "name" and "x_Address"......................passed
When Enter in "Hyderabad1" with "name" and "x_City".........................passed
When Enter in "India" with "name" and "x_Country"...........................passed
When Enter in "Qedge1" with "name" and "x_Contact_Person"...................passed
When Enter in "2145698745" with "name" and "x_Phone_Number".................passed
When Enter in "Test@gmail.com" with "name" and "x__Email"...................passed
When Enter in "5478954789" with "name" and "x_Mobile_Number"................passed
When Enter in "Iam new Supplier" with "name" and "x_Notes"..................passed
When Click Add button with "id" and "btnAction".............................passed
When Wait for Confirm Ok button with "xpath" and "//button[normalize-space()='OK!']" and "10".passed
When Click Confirm Ok with "xpath" and "//button[normalize-space()='OK!']"..passed
When Wait for Alert Ok button with "xpath" and "(//button[starts-with(text(),'OK')])[6]" and "10".passed
When Click Alert ok button with "xpath" and "(//button[starts-with(text(),'OK')])[6]".passed
Then Validate Supplier number...............................................failed
When close browser..........................................................skipped

StackTrace:
org.openqa.selenium.StaleElementReferenceException: stale element reference: stale element not found
  (Session info: chrome=134.0.6998.118)
For documentation on this error, please visit: https://www.selenium.dev/documentation/webdriver/troubleshooting/errors#stale-element-reference-exception
Build info: version: '4.29.0', revision: '5fc1ec94cb'
System info: os.name: 'Windows 11', os.arch: 'amd64', os.version: '10.0', java.version: '21.0.1'
Driver info: org.openqa.selenium.chrome.ChromeDriver
Command: [98963c358af4679639768f3f49c62204, getElementText {id=f.93AA198DC54B744B6D39B5EC0954325D.d.EB9AC788FEE0077E6149E075B3A02968.e.224}]
Capabilities {acceptInsecureCerts: false, browserName: chrome, browserVersion: 134.0.6998.118, chrome: {chromedriverVersion: 134.0.6998.165 (fd886e2cb29..., userDataDir: C:\Users\chotu\AppData\Loca...}, fedcm:accounts: true, goog:chromeOptions: {debuggerAddress: localhost:50922}, networkConnectionEnabled: false, pageLoadStrategy: normal, platformName: windows, proxy: Proxy(), se:cdp: ws://localhost:50922/devtoo..., se:cdpVersion: 134.0.6998.118, setWindowRect: true, strictFileInteractability: false, timeouts: {implicit: 0, pageLoad: 300000, script: 30000}, unhandledPromptBehavior: dismiss and notify, webauthn:extension:credBlob: true, webauthn:extension:largeBlob: true, webauthn:extension:minPinLength: true, webauthn:extension:prf: true, webauthn:virtualAuthenticators: true}
Element: [[ChromeDriver: chrome on windows (98963c358af4679639768f3f49c62204)] -> xpath: //table[@class='table ewTable']/tbody/tr[1]/td[6]]
Session ID: 98963c358af4679639768f3f49c62204
	at java.base/jdk.internal.reflect.DirectConstructorHandleAccessor.newInstance(DirectConstructorHandleAccessor.java:62)
	at java.base/java.lang.reflect.Constructor.newInstanceWithCaller(Constructor.java:502)
	at java.base/java.lang.reflect.Constructor.newInstance(Constructor.java:486)
	at org.openqa.selenium.remote.ErrorCodec.decode(ErrorCodec.java:167)
	at org.openqa.selenium.remote.codec.w3c.W3CHttpResponseCodec.decode(W3CHttpResponseCodec.java:138)
	at org.openqa.selenium.remote.codec.w3c.W3CHttpResponseCodec.decode(W3CHttpResponseCodec.java:50)
	at org.openqa.selenium.remote.HttpCommandExecutor.execute(HttpCommandExecutor.java:215)
	at org.openqa.selenium.remote.service.DriverCommandExecutor.invokeExecute(DriverCommandExecutor.java:216)
	at org.openqa.selenium.remote.service.DriverCommandExecutor.execute(DriverCommandExecutor.java:174)
	at org.openqa.selenium.remote.RemoteWebDriver.execute(RemoteWebDriver.java:545)
	at org.openqa.selenium.remote.RemoteWebElement.execute(RemoteWebElement.java:223)
	at org.openqa.selenium.remote.RemoteWebElement.getText(RemoteWebElement.java:191)
	at commonFuntions.FunctionLibrary.supplierTable(FunctionLibrary.java:161)
	at stepDefinitions.Supplier_Customer_Modules_Test.validate_Supplier_number(Supplier_Customer_Modules_Test.java:114)
	at ✽.Validate Supplier number(./Feature Files/ERP.feature:35)
]]></failure>
    </testcase>
    <testcase classname="" name="_4" time="8.261436">
        <failure message="org.openqa.selenium.StaleElementReferenceException: stale element reference: stale element not found&#10;  (Session info: chrome=134.0.6998.118)&#10;For documentation on this error, please visit: https://www.selenium.dev/documentation/webdriver/troubleshooting/errors#stale-element-reference-exception&#10;Build info: version: '4.29.0', revision: '5fc1ec94cb'&#10;System info: os.name: 'Windows 11', os.arch: 'amd64', os.version: '10.0', java.version: '21.0.1'&#10;Driver info: org.openqa.selenium.chrome.ChromeDriver&#10;Command: [c9d05819fe3fc1fe7a55f6a3c7a0afc5, getElementText {id=f.7389FFD120E1EAB85001CA1D0F21EAFC.d.D0DA4F7D1DAEFE6B5BCD85357B8B23BE.e.337}]&#10;Capabilities {acceptInsecureCerts: false, browserName: chrome, browserVersion: 134.0.6998.118, chrome: {chromedriverVersion: 134.0.6998.165 (fd886e2cb29..., userDataDir: C:\Users\chotu\AppData\Loca...}, fedcm:accounts: true, goog:chromeOptions: {debuggerAddress: localhost:50946}, networkConnectionEnabled: false, pageLoadStrategy: normal, platformName: windows, proxy: Proxy(), se:cdp: ws://localhost:50946/devtoo..., se:cdpVersion: 134.0.6998.118, setWindowRect: true, strictFileInteractability: false, timeouts: {implicit: 0, pageLoad: 300000, script: 30000}, unhandledPromptBehavior: dismiss and notify, webauthn:extension:credBlob: true, webauthn:extension:largeBlob: true, webauthn:extension:minPinLength: true, webauthn:extension:prf: true, webauthn:virtualAuthenticators: true}&#10;Element: [[ChromeDriver: chrome on windows (c9d05819fe3fc1fe7a55f6a3c7a0afc5)] -&gt; xpath: //table[@class='table ewTable']/tbody/tr[1]/td[6]]&#10;Session ID: c9d05819fe3fc1fe7a55f6a3c7a0afc5&#13;&#10;&#9;at java.base/jdk.internal.reflect.DirectConstructorHandleAccessor.newInstance(DirectConstructorHandleAccessor.java:62)&#13;&#10;&#9;at java.base/java.lang.reflect.Constructor.newInstanceWithCaller(Constructor.java:502)&#13;&#10;&#9;at java.base/java.lang.reflect.Constructor.newInstance(Constructor.java:486)&#13;&#10;&#9;at org.openqa.selenium.remote.ErrorCodec.decode(ErrorCodec.java:167)&#13;&#10;&#9;at org.openqa.selenium.remote.codec.w3c.W3CHttpResponseCodec.decode(W3CHttpResponseCodec.java:138)&#13;&#10;&#9;at org.openqa.selenium.remote.codec.w3c.W3CHttpResponseCodec.decode(W3CHttpResponseCodec.java:50)&#13;&#10;&#9;at org.openqa.selenium.remote.HttpCommandExecutor.execute(HttpCommandExecutor.java:215)&#13;&#10;&#9;at org.openqa.selenium.remote.service.DriverCommandExecutor.invokeExecute(DriverCommandExecutor.java:216)&#13;&#10;&#9;at org.openqa.selenium.remote.service.DriverCommandExecutor.execute(DriverCommandExecutor.java:174)&#13;&#10;&#9;at org.openqa.selenium.remote.RemoteWebDriver.execute(RemoteWebDriver.java:545)&#13;&#10;&#9;at org.openqa.selenium.remote.RemoteWebElement.execute(RemoteWebElement.java:223)&#13;&#10;&#9;at org.openqa.selenium.remote.RemoteWebElement.getText(RemoteWebElement.java:191)&#13;&#10;&#9;at commonFuntions.FunctionLibrary.supplierTable(FunctionLibrary.java:161)&#13;&#10;&#9;at stepDefinitions.Supplier_Customer_Modules_Test.validate_Supplier_number(Supplier_Customer_Modules_Test.java:114)&#13;&#10;&#9;at ✽.Validate Supplier number(./Feature Files/ERP.feature:35)&#13;&#10;"><![CDATA[Given Users launch Browser..................................................passed
When user launch Url........................................................passed
When Wait for username with "xpath" and "//input[@id='username']" and "10"..passed
When Enter user name with "name" and "username" and "admin".................passed
When Enter password  with "xpath" and "//input[@id='password']" and "master".passed
When Click login button with "id" and "btnsubmit"...........................passed
When Wait for logout link with "xpath" and "(//a[starts-with(text(),' Logout')])[2]" and "10".passed
Then Validate Title with "Dashboard « Stock Accounting".....................passed
When Wait for supplier link with "xpath" and "(//a[contains(text(),'Suppliers')])[2]" and "10".passed
When Click Supplier link with "xpath" and "(//a[contains(text(),'Suppliers')])[2]".passed
When Wait for Add icon with "xpath" and "(//span[@data-caption='Add'])[1]" and "10".passed
When click Add Icon "xpath" and "(//span[@data-caption='Add'])[1]"..........passed
When Wait for supplier number with "name" and "x_Supplier_Number" and "10"..passed
When Capture Supplier number  with "name" and "x_Supplier_Number"...........passed
When Enter in "Akhilesh16" with "name" and "x_Supplier_Name"................passed
When Enter in "Ameerpet41" with "name" and "x_Address"......................passed
When Enter in "Hyderabad1" with "name" and "x_City".........................passed
When Enter in "India" with "name" and "x_Country"...........................passed
When Enter in "Qedge1" with "name" and "x_Contact_Person"...................passed
When Enter in "2145698745" with "name" and "x_Phone_Number".................passed
When Enter in "Test@gmail.com" with "name" and "x__Email"...................passed
When Enter in "5478954789" with "name" and "x_Mobile_Number"................passed
When Enter in "Iam new Supplier" with "name" and "x_Notes"..................passed
When Click Add button with "id" and "btnAction".............................passed
When Wait for Confirm Ok button with "xpath" and "//button[normalize-space()='OK!']" and "10".passed
When Click Confirm Ok with "xpath" and "//button[normalize-space()='OK!']"..passed
When Wait for Alert Ok button with "xpath" and "(//button[starts-with(text(),'OK')])[6]" and "10".passed
When Click Alert ok button with "xpath" and "(//button[starts-with(text(),'OK')])[6]".passed
Then Validate Supplier number...............................................failed
When close browser..........................................................skipped

StackTrace:
org.openqa.selenium.StaleElementReferenceException: stale element reference: stale element not found
  (Session info: chrome=134.0.6998.118)
For documentation on this error, please visit: https://www.selenium.dev/documentation/webdriver/troubleshooting/errors#stale-element-reference-exception
Build info: version: '4.29.0', revision: '5fc1ec94cb'
System info: os.name: 'Windows 11', os.arch: 'amd64', os.version: '10.0', java.version: '21.0.1'
Driver info: org.openqa.selenium.chrome.ChromeDriver
Command: [c9d05819fe3fc1fe7a55f6a3c7a0afc5, getElementText {id=f.7389FFD120E1EAB85001CA1D0F21EAFC.d.D0DA4F7D1DAEFE6B5BCD85357B8B23BE.e.337}]
Capabilities {acceptInsecureCerts: false, browserName: chrome, browserVersion: 134.0.6998.118, chrome: {chromedriverVersion: 134.0.6998.165 (fd886e2cb29..., userDataDir: C:\Users\chotu\AppData\Loca...}, fedcm:accounts: true, goog:chromeOptions: {debuggerAddress: localhost:50946}, networkConnectionEnabled: false, pageLoadStrategy: normal, platformName: windows, proxy: Proxy(), se:cdp: ws://localhost:50946/devtoo..., se:cdpVersion: 134.0.6998.118, setWindowRect: true, strictFileInteractability: false, timeouts: {implicit: 0, pageLoad: 300000, script: 30000}, unhandledPromptBehavior: dismiss and notify, webauthn:extension:credBlob: true, webauthn:extension:largeBlob: true, webauthn:extension:minPinLength: true, webauthn:extension:prf: true, webauthn:virtualAuthenticators: true}
Element: [[ChromeDriver: chrome on windows (c9d05819fe3fc1fe7a55f6a3c7a0afc5)] -> xpath: //table[@class='table ewTable']/tbody/tr[1]/td[6]]
Session ID: c9d05819fe3fc1fe7a55f6a3c7a0afc5
	at java.base/jdk.internal.reflect.DirectConstructorHandleAccessor.newInstance(DirectConstructorHandleAccessor.java:62)
	at java.base/java.lang.reflect.Constructor.newInstanceWithCaller(Constructor.java:502)
	at java.base/java.lang.reflect.Constructor.newInstance(Constructor.java:486)
	at org.openqa.selenium.remote.ErrorCodec.decode(ErrorCodec.java:167)
	at org.openqa.selenium.remote.codec.w3c.W3CHttpResponseCodec.decode(W3CHttpResponseCodec.java:138)
	at org.openqa.selenium.remote.codec.w3c.W3CHttpResponseCodec.decode(W3CHttpResponseCodec.java:50)
	at org.openqa.selenium.remote.HttpCommandExecutor.execute(HttpCommandExecutor.java:215)
	at org.openqa.selenium.remote.service.DriverCommandExecutor.invokeExecute(DriverCommandExecutor.java:216)
	at org.openqa.selenium.remote.service.DriverCommandExecutor.execute(DriverCommandExecutor.java:174)
	at org.openqa.selenium.remote.RemoteWebDriver.execute(RemoteWebDriver.java:545)
	at org.openqa.selenium.remote.RemoteWebElement.execute(RemoteWebElement.java:223)
	at org.openqa.selenium.remote.RemoteWebElement.getText(RemoteWebElement.java:191)
	at commonFuntions.FunctionLibrary.supplierTable(FunctionLibrary.java:161)
	at stepDefinitions.Supplier_Customer_Modules_Test.validate_Supplier_number(Supplier_Customer_Modules_Test.java:114)
	at ✽.Validate Supplier number(./Feature Files/ERP.feature:35)
]]></failure>
    </testcase>
    <testcase classname="" name="_5" time="8.962241">
        <failure message="org.openqa.selenium.StaleElementReferenceException: stale element reference: stale element not found&#10;  (Session info: chrome=134.0.6998.118)&#10;For documentation on this error, please visit: https://www.selenium.dev/documentation/webdriver/troubleshooting/errors#stale-element-reference-exception&#10;Build info: version: '4.29.0', revision: '5fc1ec94cb'&#10;System info: os.name: 'Windows 11', os.arch: 'amd64', os.version: '10.0', java.version: '21.0.1'&#10;Driver info: org.openqa.selenium.chrome.ChromeDriver&#10;Command: [f99d30b06c0aee4e04ed9424c155a093, getElementText {id=f.DD41E37DBE05511A7DE82A5BFBC36233.d.833153F88804FB1E7635D1E2717C17EA.e.256}]&#10;Capabilities {acceptInsecureCerts: false, browserName: chrome, browserVersion: 134.0.6998.118, chrome: {chromedriverVersion: 134.0.6998.165 (fd886e2cb29..., userDataDir: C:\Users\chotu\AppData\Loca...}, fedcm:accounts: true, goog:chromeOptions: {debuggerAddress: localhost:50973}, networkConnectionEnabled: false, pageLoadStrategy: normal, platformName: windows, proxy: Proxy(), se:cdp: ws://localhost:50973/devtoo..., se:cdpVersion: 134.0.6998.118, setWindowRect: true, strictFileInteractability: false, timeouts: {implicit: 0, pageLoad: 300000, script: 30000}, unhandledPromptBehavior: dismiss and notify, webauthn:extension:credBlob: true, webauthn:extension:largeBlob: true, webauthn:extension:minPinLength: true, webauthn:extension:prf: true, webauthn:virtualAuthenticators: true}&#10;Element: [[ChromeDriver: chrome on windows (f99d30b06c0aee4e04ed9424c155a093)] -&gt; xpath: //table[@class='table ewTable']/tbody/tr[1]/td[6]]&#10;Session ID: f99d30b06c0aee4e04ed9424c155a093&#13;&#10;&#9;at java.base/jdk.internal.reflect.DirectConstructorHandleAccessor.newInstance(DirectConstructorHandleAccessor.java:62)&#13;&#10;&#9;at java.base/java.lang.reflect.Constructor.newInstanceWithCaller(Constructor.java:502)&#13;&#10;&#9;at java.base/java.lang.reflect.Constructor.newInstance(Constructor.java:486)&#13;&#10;&#9;at org.openqa.selenium.remote.ErrorCodec.decode(ErrorCodec.java:167)&#13;&#10;&#9;at org.openqa.selenium.remote.codec.w3c.W3CHttpResponseCodec.decode(W3CHttpResponseCodec.java:138)&#13;&#10;&#9;at org.openqa.selenium.remote.codec.w3c.W3CHttpResponseCodec.decode(W3CHttpResponseCodec.java:50)&#13;&#10;&#9;at org.openqa.selenium.remote.HttpCommandExecutor.execute(HttpCommandExecutor.java:215)&#13;&#10;&#9;at org.openqa.selenium.remote.service.DriverCommandExecutor.invokeExecute(DriverCommandExecutor.java:216)&#13;&#10;&#9;at org.openqa.selenium.remote.service.DriverCommandExecutor.execute(DriverCommandExecutor.java:174)&#13;&#10;&#9;at org.openqa.selenium.remote.RemoteWebDriver.execute(RemoteWebDriver.java:545)&#13;&#10;&#9;at org.openqa.selenium.remote.RemoteWebElement.execute(RemoteWebElement.java:223)&#13;&#10;&#9;at org.openqa.selenium.remote.RemoteWebElement.getText(RemoteWebElement.java:191)&#13;&#10;&#9;at commonFuntions.FunctionLibrary.supplierTable(FunctionLibrary.java:161)&#13;&#10;&#9;at stepDefinitions.Supplier_Customer_Modules_Test.validate_Supplier_number(Supplier_Customer_Modules_Test.java:114)&#13;&#10;&#9;at ✽.Validate Supplier number(./Feature Files/ERP.feature:35)&#13;&#10;"><![CDATA[Given Users launch Browser..................................................passed
When user launch Url........................................................passed
When Wait for username with "xpath" and "//input[@id='username']" and "10"..passed
When Enter user name with "name" and "username" and "admin".................passed
When Enter password  with "xpath" and "//input[@id='password']" and "master".passed
When Click login button with "id" and "btnsubmit"...........................passed
When Wait for logout link with "xpath" and "(//a[starts-with(text(),' Logout')])[2]" and "10".passed
Then Validate Title with "Dashboard « Stock Accounting".....................passed
When Wait for supplier link with "xpath" and "(//a[contains(text(),'Suppliers')])[2]" and "10".passed
When Click Supplier link with "xpath" and "(//a[contains(text(),'Suppliers')])[2]".passed
When Wait for Add icon with "xpath" and "(//span[@data-caption='Add'])[1]" and "10".passed
When click Add Icon "xpath" and "(//span[@data-caption='Add'])[1]"..........passed
When Wait for supplier number with "name" and "x_Supplier_Number" and "10"..passed
When Capture Supplier number  with "name" and "x_Supplier_Number"...........passed
When Enter in "Akhilesh17" with "name" and "x_Supplier_Name"................passed
When Enter in "Ameerpet111" with "name" and "x_Address".....................passed
When Enter in "Hyderabad1" with "name" and "x_City".........................passed
When Enter in "India" with "name" and "x_Country"...........................passed
When Enter in "Qedge1" with "name" and "x_Contact_Person"...................passed
When Enter in "2145698745" with "name" and "x_Phone_Number".................passed
When Enter in "Test@gmail.com" with "name" and "x__Email"...................passed
When Enter in "5478954789" with "name" and "x_Mobile_Number"................passed
When Enter in "Iam new Supplier" with "name" and "x_Notes"..................passed
When Click Add button with "id" and "btnAction".............................passed
When Wait for Confirm Ok button with "xpath" and "//button[normalize-space()='OK!']" and "10".passed
When Click Confirm Ok with "xpath" and "//button[normalize-space()='OK!']"..passed
When Wait for Alert Ok button with "xpath" and "(//button[starts-with(text(),'OK')])[6]" and "10".passed
When Click Alert ok button with "xpath" and "(//button[starts-with(text(),'OK')])[6]".passed
Then Validate Supplier number...............................................failed
When close browser..........................................................skipped

StackTrace:
org.openqa.selenium.StaleElementReferenceException: stale element reference: stale element not found
  (Session info: chrome=134.0.6998.118)
For documentation on this error, please visit: https://www.selenium.dev/documentation/webdriver/troubleshooting/errors#stale-element-reference-exception
Build info: version: '4.29.0', revision: '5fc1ec94cb'
System info: os.name: 'Windows 11', os.arch: 'amd64', os.version: '10.0', java.version: '21.0.1'
Driver info: org.openqa.selenium.chrome.ChromeDriver
Command: [f99d30b06c0aee4e04ed9424c155a093, getElementText {id=f.DD41E37DBE05511A7DE82A5BFBC36233.d.833153F88804FB1E7635D1E2717C17EA.e.256}]
Capabilities {acceptInsecureCerts: false, browserName: chrome, browserVersion: 134.0.6998.118, chrome: {chromedriverVersion: 134.0.6998.165 (fd886e2cb29..., userDataDir: C:\Users\chotu\AppData\Loca...}, fedcm:accounts: true, goog:chromeOptions: {debuggerAddress: localhost:50973}, networkConnectionEnabled: false, pageLoadStrategy: normal, platformName: windows, proxy: Proxy(), se:cdp: ws://localhost:50973/devtoo..., se:cdpVersion: 134.0.6998.118, setWindowRect: true, strictFileInteractability: false, timeouts: {implicit: 0, pageLoad: 300000, script: 30000}, unhandledPromptBehavior: dismiss and notify, webauthn:extension:credBlob: true, webauthn:extension:largeBlob: true, webauthn:extension:minPinLength: true, webauthn:extension:prf: true, webauthn:virtualAuthenticators: true}
Element: [[ChromeDriver: chrome on windows (f99d30b06c0aee4e04ed9424c155a093)] -> xpath: //table[@class='table ewTable']/tbody/tr[1]/td[6]]
Session ID: f99d30b06c0aee4e04ed9424c155a093
	at java.base/jdk.internal.reflect.DirectConstructorHandleAccessor.newInstance(DirectConstructorHandleAccessor.java:62)
	at java.base/java.lang.reflect.Constructor.newInstanceWithCaller(Constructor.java:502)
	at java.base/java.lang.reflect.Constructor.newInstance(Constructor.java:486)
	at org.openqa.selenium.remote.ErrorCodec.decode(ErrorCodec.java:167)
	at org.openqa.selenium.remote.codec.w3c.W3CHttpResponseCodec.decode(W3CHttpResponseCodec.java:138)
	at org.openqa.selenium.remote.codec.w3c.W3CHttpResponseCodec.decode(W3CHttpResponseCodec.java:50)
	at org.openqa.selenium.remote.HttpCommandExecutor.execute(HttpCommandExecutor.java:215)
	at org.openqa.selenium.remote.service.DriverCommandExecutor.invokeExecute(DriverCommandExecutor.java:216)
	at org.openqa.selenium.remote.service.DriverCommandExecutor.execute(DriverCommandExecutor.java:174)
	at org.openqa.selenium.remote.RemoteWebDriver.execute(RemoteWebDriver.java:545)
	at org.openqa.selenium.remote.RemoteWebElement.execute(RemoteWebElement.java:223)
	at org.openqa.selenium.remote.RemoteWebElement.getText(RemoteWebElement.java:191)
	at commonFuntions.FunctionLibrary.supplierTable(FunctionLibrary.java:161)
	at stepDefinitions.Supplier_Customer_Modules_Test.validate_Supplier_number(Supplier_Customer_Modules_Test.java:114)
	at ✽.Validate Supplier number(./Feature Files/ERP.feature:35)
]]></failure>
    </testcase>
    <testcase classname="" name="_6" time="8.528296">
        <failure message="org.openqa.selenium.StaleElementReferenceException: stale element reference: stale element not found&#10;  (Session info: chrome=134.0.6998.118)&#10;For documentation on this error, please visit: https://www.selenium.dev/documentation/webdriver/troubleshooting/errors#stale-element-reference-exception&#10;Build info: version: '4.29.0', revision: '5fc1ec94cb'&#10;System info: os.name: 'Windows 11', os.arch: 'amd64', os.version: '10.0', java.version: '21.0.1'&#10;Driver info: org.openqa.selenium.chrome.ChromeDriver&#10;Command: [bb67d6fe15537c9c080fbe57e4a3a4ca, getElementText {id=f.6604153E27D0A317F68A33A244157520.d.A2BB72D22D8588A1963FFCC452014899.e.211}]&#10;Capabilities {acceptInsecureCerts: false, browserName: chrome, browserVersion: 134.0.6998.118, chrome: {chromedriverVersion: 134.0.6998.165 (fd886e2cb29..., userDataDir: C:\Users\chotu\AppData\Loca...}, fedcm:accounts: true, goog:chromeOptions: {debuggerAddress: localhost:51000}, networkConnectionEnabled: false, pageLoadStrategy: normal, platformName: windows, proxy: Proxy(), se:cdp: ws://localhost:51000/devtoo..., se:cdpVersion: 134.0.6998.118, setWindowRect: true, strictFileInteractability: false, timeouts: {implicit: 0, pageLoad: 300000, script: 30000}, unhandledPromptBehavior: dismiss and notify, webauthn:extension:credBlob: true, webauthn:extension:largeBlob: true, webauthn:extension:minPinLength: true, webauthn:extension:prf: true, webauthn:virtualAuthenticators: true}&#10;Element: [[ChromeDriver: chrome on windows (bb67d6fe15537c9c080fbe57e4a3a4ca)] -&gt; xpath: //table[@class='table ewTable']/tbody/tr[1]/td[6]]&#10;Session ID: bb67d6fe15537c9c080fbe57e4a3a4ca&#13;&#10;&#9;at java.base/jdk.internal.reflect.DirectConstructorHandleAccessor.newInstance(DirectConstructorHandleAccessor.java:62)&#13;&#10;&#9;at java.base/java.lang.reflect.Constructor.newInstanceWithCaller(Constructor.java:502)&#13;&#10;&#9;at java.base/java.lang.reflect.Constructor.newInstance(Constructor.java:486)&#13;&#10;&#9;at org.openqa.selenium.remote.ErrorCodec.decode(ErrorCodec.java:167)&#13;&#10;&#9;at org.openqa.selenium.remote.codec.w3c.W3CHttpResponseCodec.decode(W3CHttpResponseCodec.java:138)&#13;&#10;&#9;at org.openqa.selenium.remote.codec.w3c.W3CHttpResponseCodec.decode(W3CHttpResponseCodec.java:50)&#13;&#10;&#9;at org.openqa.selenium.remote.HttpCommandExecutor.execute(HttpCommandExecutor.java:215)&#13;&#10;&#9;at org.openqa.selenium.remote.service.DriverCommandExecutor.invokeExecute(DriverCommandExecutor.java:216)&#13;&#10;&#9;at org.openqa.selenium.remote.service.DriverCommandExecutor.execute(DriverCommandExecutor.java:174)&#13;&#10;&#9;at org.openqa.selenium.remote.RemoteWebDriver.execute(RemoteWebDriver.java:545)&#13;&#10;&#9;at org.openqa.selenium.remote.RemoteWebElement.execute(RemoteWebElement.java:223)&#13;&#10;&#9;at org.openqa.selenium.remote.RemoteWebElement.getText(RemoteWebElement.java:191)&#13;&#10;&#9;at commonFuntions.FunctionLibrary.supplierTable(FunctionLibrary.java:161)&#13;&#10;&#9;at stepDefinitions.Supplier_Customer_Modules_Test.validate_Supplier_number(Supplier_Customer_Modules_Test.java:114)&#13;&#10;&#9;at ✽.Validate Supplier number(./Feature Files/ERP.feature:35)&#13;&#10;"><![CDATA[Given Users launch Browser..................................................passed
When user launch Url........................................................passed
When Wait for username with "xpath" and "//input[@id='username']" and "10"..passed
When Enter user name with "name" and "username" and "admin".................passed
When Enter password  with "xpath" and "//input[@id='password']" and "master".passed
When Click login button with "id" and "btnsubmit"...........................passed
When Wait for logout link with "xpath" and "(//a[starts-with(text(),' Logout')])[2]" and "10".passed
Then Validate Title with "Dashboard « Stock Accounting".....................passed
When Wait for supplier link with "xpath" and "(//a[contains(text(),'Suppliers')])[2]" and "10".passed
When Click Supplier link with "xpath" and "(//a[contains(text(),'Suppliers')])[2]".passed
When Wait for Add icon with "xpath" and "(//span[@data-caption='Add'])[1]" and "10".passed
When click Add Icon "xpath" and "(//span[@data-caption='Add'])[1]"..........passed
When Wait for supplier number with "name" and "x_Supplier_Number" and "10"..passed
When Capture Supplier number  with "name" and "x_Supplier_Number"...........passed
When Enter in "Akhilesh12" with "name" and "x_Supplier_Name"................passed
When Enter in "Ameerpet100" with "name" and "x_Address".....................passed
When Enter in "Hyderabad1" with "name" and "x_City".........................passed
When Enter in "India" with "name" and "x_Country"...........................passed
When Enter in "Qedge1" with "name" and "x_Contact_Person"...................passed
When Enter in "2145698745" with "name" and "x_Phone_Number".................passed
When Enter in "Test@gmail.com" with "name" and "x__Email"...................passed
When Enter in "5478954789" with "name" and "x_Mobile_Number"................passed
When Enter in "Iam new Supplier" with "name" and "x_Notes"..................passed
When Click Add button with "id" and "btnAction".............................passed
When Wait for Confirm Ok button with "xpath" and "//button[normalize-space()='OK!']" and "10".passed
When Click Confirm Ok with "xpath" and "//button[normalize-space()='OK!']"..passed
When Wait for Alert Ok button with "xpath" and "(//button[starts-with(text(),'OK')])[6]" and "10".passed
When Click Alert ok button with "xpath" and "(//button[starts-with(text(),'OK')])[6]".passed
Then Validate Supplier number...............................................failed
When close browser..........................................................skipped

StackTrace:
org.openqa.selenium.StaleElementReferenceException: stale element reference: stale element not found
  (Session info: chrome=134.0.6998.118)
For documentation on this error, please visit: https://www.selenium.dev/documentation/webdriver/troubleshooting/errors#stale-element-reference-exception
Build info: version: '4.29.0', revision: '5fc1ec94cb'
System info: os.name: 'Windows 11', os.arch: 'amd64', os.version: '10.0', java.version: '21.0.1'
Driver info: org.openqa.selenium.chrome.ChromeDriver
Command: [bb67d6fe15537c9c080fbe57e4a3a4ca, getElementText {id=f.6604153E27D0A317F68A33A244157520.d.A2BB72D22D8588A1963FFCC452014899.e.211}]
Capabilities {acceptInsecureCerts: false, browserName: chrome, browserVersion: 134.0.6998.118, chrome: {chromedriverVersion: 134.0.6998.165 (fd886e2cb29..., userDataDir: C:\Users\chotu\AppData\Loca...}, fedcm:accounts: true, goog:chromeOptions: {debuggerAddress: localhost:51000}, networkConnectionEnabled: false, pageLoadStrategy: normal, platformName: windows, proxy: Proxy(), se:cdp: ws://localhost:51000/devtoo..., se:cdpVersion: 134.0.6998.118, setWindowRect: true, strictFileInteractability: false, timeouts: {implicit: 0, pageLoad: 300000, script: 30000}, unhandledPromptBehavior: dismiss and notify, webauthn:extension:credBlob: true, webauthn:extension:largeBlob: true, webauthn:extension:minPinLength: true, webauthn:extension:prf: true, webauthn:virtualAuthenticators: true}
Element: [[ChromeDriver: chrome on windows (bb67d6fe15537c9c080fbe57e4a3a4ca)] -> xpath: //table[@class='table ewTable']/tbody/tr[1]/td[6]]
Session ID: bb67d6fe15537c9c080fbe57e4a3a4ca
	at java.base/jdk.internal.reflect.DirectConstructorHandleAccessor.newInstance(DirectConstructorHandleAccessor.java:62)
	at java.base/java.lang.reflect.Constructor.newInstanceWithCaller(Constructor.java:502)
	at java.base/java.lang.reflect.Constructor.newInstance(Constructor.java:486)
	at org.openqa.selenium.remote.ErrorCodec.decode(ErrorCodec.java:167)
	at org.openqa.selenium.remote.codec.w3c.W3CHttpResponseCodec.decode(W3CHttpResponseCodec.java:138)
	at org.openqa.selenium.remote.codec.w3c.W3CHttpResponseCodec.decode(W3CHttpResponseCodec.java:50)
	at org.openqa.selenium.remote.HttpCommandExecutor.execute(HttpCommandExecutor.java:215)
	at org.openqa.selenium.remote.service.DriverCommandExecutor.invokeExecute(DriverCommandExecutor.java:216)
	at org.openqa.selenium.remote.service.DriverCommandExecutor.execute(DriverCommandExecutor.java:174)
	at org.openqa.selenium.remote.RemoteWebDriver.execute(RemoteWebDriver.java:545)
	at org.openqa.selenium.remote.RemoteWebElement.execute(RemoteWebElement.java:223)
	at org.openqa.selenium.remote.RemoteWebElement.getText(RemoteWebElement.java:191)
	at commonFuntions.FunctionLibrary.supplierTable(FunctionLibrary.java:161)
	at stepDefinitions.Supplier_Customer_Modules_Test.validate_Supplier_number(Supplier_Customer_Modules_Test.java:114)
	at ✽.Validate Supplier number(./Feature Files/ERP.feature:35)
]]></failure>
    </testcase>
    <testcase classname="" name="_7" time="8.178596">
        <system-out><![CDATA[Given Users launch Browser..................................................passed
When user launch Url........................................................passed
When Wait for username with "xpath" and "//input[@id='username']" and "10"..passed
When Enter user name with "name" and "username" and "admin".................passed
When Enter password  with "xpath" and "//input[@id='password']" and "master".passed
When Click login button with "id" and "btnsubmit"...........................passed
When Wait for logout link with "xpath" and "(//a[starts-with(text(),' Logout')])[2]" and "10".passed
Then Validate Title with "Dashboard « Stock Accounting".....................passed
When Wait for Customer link with "xpath" and "(//a[starts-with(text(),'Customers')])[2]" and "10".passed
When Click Customer link with "xpath" and "(//a[starts-with(text(),'Customers')])[2]".passed
When Wait for Add icon with "xpath" and "(//span[@data-caption='Add'])[1]" and "10".passed
When click Add Icon "xpath" and "(//span[@data-caption='Add'])[1]"..........passed
When Wait for Customer number with "name" and "x_Customer_Number" and "10"..passed
When Capture Customer number  with "name" and "x_Customer_Number"...........passed
When Enter in "Ramuandranga13" with "name" and "x_Customer_Name"............passed
When Enter in "Kukatpalli51" with "name" and "x_Address"....................passed
When Enter in "Ameerpet15" with "name" and "x_City".........................passed
When Enter in "India" with "name" and "x_Country"...........................passed
When Enter in "QedgeTech1" with "name" and "x_Contact_Person"...............passed
When Enter in "2456987456" with "name" and "x_Phone_Number".................passed
When Enter in "ranga@gmail.com" with "name" and "x__Email"..................passed
When Enter in "7896541236" with "name" and "x_Mobile_Number"................passed
When Enter in "iam new Cuatomer1" with "name" and "x_Notes".................passed
When Click Add button with "id" and "btnAction".............................passed
When Wait for Confirm Ok button with "xpath" and "//button[normalize-space()='OK!']" and "10".passed
When Click Confirm Ok with "xpath" and "//button[normalize-space()='OK!']"..passed
When Wait for Alert Ok button with "xpath" and "(//button[starts-with(text(),'OK')])[6]" and "10".passed
When Click Alert ok button with "xpath" and "(//button[starts-with(text(),'OK')])[6]".passed
Then Validate customer number...............................................passed
When close browser..........................................................passed
]]></system-out>
    </testcase>
    <testcase classname="" name="_8" time="8.233379">
        <system-out><![CDATA[Given Users launch Browser..................................................passed
When user launch Url........................................................passed
When Wait for username with "xpath" and "//input[@id='username']" and "10"..passed
When Enter user name with "name" and "username" and "admin".................passed
When Enter password  with "xpath" and "//input[@id='password']" and "master".passed
When Click login button with "id" and "btnsubmit"...........................passed
When Wait for logout link with "xpath" and "(//a[starts-with(text(),' Logout')])[2]" and "10".passed
Then Validate Title with "Dashboard « Stock Accounting".....................passed
When Wait for Customer link with "xpath" and "(//a[starts-with(text(),'Customers')])[2]" and "10".passed
When Click Customer link with "xpath" and "(//a[starts-with(text(),'Customers')])[2]".passed
When Wait for Add icon with "xpath" and "(//span[@data-caption='Add'])[1]" and "10".passed
When click Add Icon "xpath" and "(//span[@data-caption='Add'])[1]"..........passed
When Wait for Customer number with "name" and "x_Customer_Number" and "10"..passed
When Capture Customer number  with "name" and "x_Customer_Number"...........passed
When Enter in "Ramuandranga14" with "name" and "x_Customer_Name"............passed
When Enter in "Kukatpalli41" with "name" and "x_Address"....................passed
When Enter in "Ameerpet17" with "name" and "x_City".........................passed
When Enter in "India" with "name" and "x_Country"...........................passed
When Enter in "QedgeTech1" with "name" and "x_Contact_Person"...............passed
When Enter in "2456987456" with "name" and "x_Phone_Number".................passed
When Enter in "ranga@gmail.com" with "name" and "x__Email"..................passed
When Enter in "7896541236" with "name" and "x_Mobile_Number"................passed
When Enter in "iam new Cuatomer1" with "name" and "x_Notes".................passed
When Click Add button with "id" and "btnAction".............................passed
When Wait for Confirm Ok button with "xpath" and "//button[normalize-space()='OK!']" and "10".passed
When Click Confirm Ok with "xpath" and "//button[normalize-space()='OK!']"..passed
When Wait for Alert Ok button with "xpath" and "(//button[starts-with(text(),'OK')])[6]" and "10".passed
When Click Alert ok button with "xpath" and "(//button[starts-with(text(),'OK')])[6]".passed
Then Validate customer number...............................................passed
When close browser..........................................................passed
]]></system-out>
    </testcase>
    <testcase classname="" name="_9" time="7.62304">
        <failure message="org.openqa.selenium.StaleElementReferenceException: stale element reference: stale element not found&#10;  (Session info: chrome=134.0.6998.118)&#10;For documentation on this error, please visit: https://www.selenium.dev/documentation/webdriver/troubleshooting/errors#stale-element-reference-exception&#10;Build info: version: '4.29.0', revision: '5fc1ec94cb'&#10;System info: os.name: 'Windows 11', os.arch: 'amd64', os.version: '10.0', java.version: '21.0.1'&#10;Driver info: org.openqa.selenium.chrome.ChromeDriver&#10;Command: [9203fc6d3d76a483e8a617787b2e910d, getElementText {id=f.27F5E19C9DA518416C8DAEB0FF10CAFB.d.C4177A037057D9FC34F31CDF2D8AE0E6.e.273}]&#10;Capabilities {acceptInsecureCerts: false, browserName: chrome, browserVersion: 134.0.6998.118, chrome: {chromedriverVersion: 134.0.6998.165 (fd886e2cb29..., userDataDir: C:\Users\chotu\AppData\Loca...}, fedcm:accounts: true, goog:chromeOptions: {debuggerAddress: localhost:51077}, networkConnectionEnabled: false, pageLoadStrategy: normal, platformName: windows, proxy: Proxy(), se:cdp: ws://localhost:51077/devtoo..., se:cdpVersion: 134.0.6998.118, setWindowRect: true, strictFileInteractability: false, timeouts: {implicit: 0, pageLoad: 300000, script: 30000}, unhandledPromptBehavior: dismiss and notify, webauthn:extension:credBlob: true, webauthn:extension:largeBlob: true, webauthn:extension:minPinLength: true, webauthn:extension:prf: true, webauthn:virtualAuthenticators: true}&#10;Element: [[ChromeDriver: chrome on windows (9203fc6d3d76a483e8a617787b2e910d)] -&gt; xpath: //table[@class='table ewTable']/tbody/tr[1]/td[5]]&#10;Session ID: 9203fc6d3d76a483e8a617787b2e910d&#13;&#10;&#9;at java.base/jdk.internal.reflect.DirectConstructorHandleAccessor.newInstance(DirectConstructorHandleAccessor.java:62)&#13;&#10;&#9;at java.base/java.lang.reflect.Constructor.newInstanceWithCaller(Constructor.java:502)&#13;&#10;&#9;at java.base/java.lang.reflect.Constructor.newInstance(Constructor.java:486)&#13;&#10;&#9;at org.openqa.selenium.remote.ErrorCodec.decode(ErrorCodec.java:167)&#13;&#10;&#9;at org.openqa.selenium.remote.codec.w3c.W3CHttpResponseCodec.decode(W3CHttpResponseCodec.java:138)&#13;&#10;&#9;at org.openqa.selenium.remote.codec.w3c.W3CHttpResponseCodec.decode(W3CHttpResponseCodec.java:50)&#13;&#10;&#9;at org.openqa.selenium.remote.HttpCommandExecutor.execute(HttpCommandExecutor.java:215)&#13;&#10;&#9;at org.openqa.selenium.remote.service.DriverCommandExecutor.invokeExecute(DriverCommandExecutor.java:216)&#13;&#10;&#9;at org.openqa.selenium.remote.service.DriverCommandExecutor.execute(DriverCommandExecutor.java:174)&#13;&#10;&#9;at org.openqa.selenium.remote.RemoteWebDriver.execute(RemoteWebDriver.java:545)&#13;&#10;&#9;at org.openqa.selenium.remote.RemoteWebElement.execute(RemoteWebElement.java:223)&#13;&#10;&#9;at org.openqa.selenium.remote.RemoteWebElement.getText(RemoteWebElement.java:191)&#13;&#10;&#9;at commonFuntions.FunctionLibrary.customerTable(FunctionLibrary.java:208)&#13;&#10;&#9;at stepDefinitions.Supplier_Customer_Modules_Test.validate_customer_number(Supplier_Customer_Modules_Test.java:145)&#13;&#10;&#9;at ✽.Validate customer number(./Feature Files/ERP.feature:75)&#13;&#10;"><![CDATA[Given Users launch Browser..................................................passed
When user launch Url........................................................passed
When Wait for username with "xpath" and "//input[@id='username']" and "10"..passed
When Enter user name with "name" and "username" and "admin".................passed
When Enter password  with "xpath" and "//input[@id='password']" and "master".passed
When Click login button with "id" and "btnsubmit"...........................passed
When Wait for logout link with "xpath" and "(//a[starts-with(text(),' Logout')])[2]" and "10".passed
Then Validate Title with "Dashboard « Stock Accounting".....................passed
When Wait for Customer link with "xpath" and "(//a[starts-with(text(),'Customers')])[2]" and "10".passed
When Click Customer link with "xpath" and "(//a[starts-with(text(),'Customers')])[2]".passed
When Wait for Add icon with "xpath" and "(//span[@data-caption='Add'])[1]" and "10".passed
When click Add Icon "xpath" and "(//span[@data-caption='Add'])[1]"..........passed
When Wait for Customer number with "name" and "x_Customer_Number" and "10"..passed
When Capture Customer number  with "name" and "x_Customer_Number"...........passed
When Enter in "Ramuandranga15" with "name" and "x_Customer_Name"............passed
When Enter in "Kukatpalli51" with "name" and "x_Address"....................passed
When Enter in "Ameerpet51" with "name" and "x_City".........................passed
When Enter in "India" with "name" and "x_Country"...........................passed
When Enter in "QedgeTech1" with "name" and "x_Contact_Person"...............passed
When Enter in "2456987456" with "name" and "x_Phone_Number".................passed
When Enter in "ranga@gmail.com" with "name" and "x__Email"..................passed
When Enter in "7896541236" with "name" and "x_Mobile_Number"................passed
When Enter in "iam new Cuatomer1" with "name" and "x_Notes".................passed
When Click Add button with "id" and "btnAction".............................passed
When Wait for Confirm Ok button with "xpath" and "//button[normalize-space()='OK!']" and "10".passed
When Click Confirm Ok with "xpath" and "//button[normalize-space()='OK!']"..passed
When Wait for Alert Ok button with "xpath" and "(//button[starts-with(text(),'OK')])[6]" and "10".passed
When Click Alert ok button with "xpath" and "(//button[starts-with(text(),'OK')])[6]".passed
Then Validate customer number...............................................failed
When close browser..........................................................skipped

StackTrace:
org.openqa.selenium.StaleElementReferenceException: stale element reference: stale element not found
  (Session info: chrome=134.0.6998.118)
For documentation on this error, please visit: https://www.selenium.dev/documentation/webdriver/troubleshooting/errors#stale-element-reference-exception
Build info: version: '4.29.0', revision: '5fc1ec94cb'
System info: os.name: 'Windows 11', os.arch: 'amd64', os.version: '10.0', java.version: '21.0.1'
Driver info: org.openqa.selenium.chrome.ChromeDriver
Command: [9203fc6d3d76a483e8a617787b2e910d, getElementText {id=f.27F5E19C9DA518416C8DAEB0FF10CAFB.d.C4177A037057D9FC34F31CDF2D8AE0E6.e.273}]
Capabilities {acceptInsecureCerts: false, browserName: chrome, browserVersion: 134.0.6998.118, chrome: {chromedriverVersion: 134.0.6998.165 (fd886e2cb29..., userDataDir: C:\Users\chotu\AppData\Loca...}, fedcm:accounts: true, goog:chromeOptions: {debuggerAddress: localhost:51077}, networkConnectionEnabled: false, pageLoadStrategy: normal, platformName: windows, proxy: Proxy(), se:cdp: ws://localhost:51077/devtoo..., se:cdpVersion: 134.0.6998.118, setWindowRect: true, strictFileInteractability: false, timeouts: {implicit: 0, pageLoad: 300000, script: 30000}, unhandledPromptBehavior: dismiss and notify, webauthn:extension:credBlob: true, webauthn:extension:largeBlob: true, webauthn:extension:minPinLength: true, webauthn:extension:prf: true, webauthn:virtualAuthenticators: true}
Element: [[ChromeDriver: chrome on windows (9203fc6d3d76a483e8a617787b2e910d)] -> xpath: //table[@class='table ewTable']/tbody/tr[1]/td[5]]
Session ID: 9203fc6d3d76a483e8a617787b2e910d
	at java.base/jdk.internal.reflect.DirectConstructorHandleAccessor.newInstance(DirectConstructorHandleAccessor.java:62)
	at java.base/java.lang.reflect.Constructor.newInstanceWithCaller(Constructor.java:502)
	at java.base/java.lang.reflect.Constructor.newInstance(Constructor.java:486)
	at org.openqa.selenium.remote.ErrorCodec.decode(ErrorCodec.java:167)
	at org.openqa.selenium.remote.codec.w3c.W3CHttpResponseCodec.decode(W3CHttpResponseCodec.java:138)
	at org.openqa.selenium.remote.codec.w3c.W3CHttpResponseCodec.decode(W3CHttpResponseCodec.java:50)
	at org.openqa.selenium.remote.HttpCommandExecutor.execute(HttpCommandExecutor.java:215)
	at org.openqa.selenium.remote.service.DriverCommandExecutor.invokeExecute(DriverCommandExecutor.java:216)
	at org.openqa.selenium.remote.service.DriverCommandExecutor.execute(DriverCommandExecutor.java:174)
	at org.openqa.selenium.remote.RemoteWebDriver.execute(RemoteWebDriver.java:545)
	at org.openqa.selenium.remote.RemoteWebElement.execute(RemoteWebElement.java:223)
	at org.openqa.selenium.remote.RemoteWebElement.getText(RemoteWebElement.java:191)
	at commonFuntions.FunctionLibrary.customerTable(FunctionLibrary.java:208)
	at stepDefinitions.Supplier_Customer_Modules_Test.validate_customer_number(Supplier_Customer_Modules_Test.java:145)
	at ✽.Validate customer number(./Feature Files/ERP.feature:75)
]]></failure>
    </testcase>
    <testcase classname="" name="_10" time="10.778473">
        <system-out><![CDATA[Given Users launch Browser..................................................passed
When user launch Url........................................................passed
When Wait for username with "xpath" and "//input[@id='username']" and "10"..passed
When Enter user name with "name" and "username" and "admin".................passed
When Enter password  with "xpath" and "//input[@id='password']" and "master".passed
When Click login button with "id" and "btnsubmit"...........................passed
When Wait for logout link with "xpath" and "(//a[starts-with(text(),' Logout')])[2]" and "10".passed
Then Validate Title with "Dashboard « Stock Accounting".....................passed
When Wait for Customer link with "xpath" and "(//a[starts-with(text(),'Customers')])[2]" and "10".passed
When Click Customer link with "xpath" and "(//a[starts-with(text(),'Customers')])[2]".passed
When Wait for Add icon with "xpath" and "(//span[@data-caption='Add'])[1]" and "10".passed
When click Add Icon "xpath" and "(//span[@data-caption='Add'])[1]"..........passed
When Wait for Customer number with "name" and "x_Customer_Number" and "10"..passed
When Capture Customer number  with "name" and "x_Customer_Number"...........passed
When Enter in "Ramuandranga14" with "name" and "x_Customer_Name"............passed
When Enter in "Kukatpalli61" with "name" and "x_Address"....................passed
When Enter in "Ameerpet71" with "name" and "x_City".........................passed
When Enter in "India" with "name" and "x_Country"...........................passed
When Enter in "QedgeTech1" with "name" and "x_Contact_Person"...............passed
When Enter in "2456987456" with "name" and "x_Phone_Number".................passed
When Enter in "ranga@gmail.com" with "name" and "x__Email"..................passed
When Enter in "7896541236" with "name" and "x_Mobile_Number"................passed
When Enter in "iam new Cuatomer1" with "name" and "x_Notes".................passed
When Click Add button with "id" and "btnAction".............................passed
When Wait for Confirm Ok button with "xpath" and "//button[normalize-space()='OK!']" and "10".passed
When Click Confirm Ok with "xpath" and "//button[normalize-space()='OK!']"..passed
When Wait for Alert Ok button with "xpath" and "(//button[starts-with(text(),'OK')])[6]" and "10".passed
When Click Alert ok button with "xpath" and "(//button[starts-with(text(),'OK')])[6]".passed
Then Validate customer number...............................................passed
When close browser..........................................................passed
]]></system-out>
    </testcase>
    <testcase classname="" name="_11" time="10.521862">
        <system-out><![CDATA[Given Users launch Browser..................................................passed
When user launch Url........................................................passed
When Wait for username with "xpath" and "//input[@id='username']" and "10"..passed
When Enter user name with "name" and "username" and "admin".................passed
When Enter password  with "xpath" and "//input[@id='password']" and "master".passed
When Click login button with "id" and "btnsubmit"...........................passed
When Wait for logout link with "xpath" and "(//a[starts-with(text(),' Logout')])[2]" and "10".passed
Then Validate Title with "Dashboard « Stock Accounting".....................passed
When Wait for Customer link with "xpath" and "(//a[starts-with(text(),'Customers')])[2]" and "10".passed
When Click Customer link with "xpath" and "(//a[starts-with(text(),'Customers')])[2]".passed
When Wait for Add icon with "xpath" and "(//span[@data-caption='Add'])[1]" and "10".passed
When click Add Icon "xpath" and "(//span[@data-caption='Add'])[1]"..........passed
When Wait for Customer number with "name" and "x_Customer_Number" and "10"..passed
When Capture Customer number  with "name" and "x_Customer_Number"...........passed
When Enter in "Ramuandranga112" with "name" and "x_Customer_Name"...........passed
When Enter in "Kukatpalli231" with "name" and "x_Address"...................passed
When Enter in "Ameerpet41" with "name" and "x_City".........................passed
When Enter in "India" with "name" and "x_Country"...........................passed
When Enter in "QedgeTech1" with "name" and "x_Contact_Person"...............passed
When Enter in "2456987456" with "name" and "x_Phone_Number".................passed
When Enter in "ranga@gmail.com" with "name" and "x__Email"..................passed
When Enter in "7896541236" with "name" and "x_Mobile_Number"................passed
When Enter in "iam new Cuatomer1" with "name" and "x_Notes".................passed
When Click Add button with "id" and "btnAction".............................passed
When Wait for Confirm Ok button with "xpath" and "//button[normalize-space()='OK!']" and "10".passed
When Click Confirm Ok with "xpath" and "//button[normalize-space()='OK!']"..passed
When Wait for Alert Ok button with "xpath" and "(//button[starts-with(text(),'OK')])[6]" and "10".passed
When Click Alert ok button with "xpath" and "(//button[starts-with(text(),'OK')])[6]".passed
Then Validate customer number...............................................passed
When close browser..........................................................passed
]]></system-out>
    </testcase>
</testsuite>
